<?xml version="1.0" encoding="UTF-8"?>
<!-- Generated by org.testng.reporters.JUnitXMLReporter -->
<testsuite hostname="DESKTOP-IQFTFHJ" name="Regression Test" tests="26" failures="0" timestamp="23 Dec 2019 18:51:28 GMT" time="73.655" errors="0">
  <testcase name="openLoginFormTest" time="5.203" classname="tests.ExportRequestPermitTest"/>
  <testcase name="makeLoginFormTest" time="2.84" classname="tests.ExportRequestPermitTest"/>
  <testcase name="exportPermitRequestTest" time="1.528" classname="tests.ExportRequestPermitTest"/>
  <testcase name="validFillExportPermitForm" time="44.795" classname="tests.ExportRequestPermitTest"/>
  <testcase name="makeLogoutTest" time="0.788" classname="tests.ExportRequestPermitTest"/>
  <testcase name="openLoginFormTest" time="1.147" classname="tests.LoginTest"/>
  <testcase name="emptydataLoginFormTest" time="0.164" classname="tests.LoginTest"/>
  <testcase name="emptyEmailFieldLoginFormTest" time="0.457" classname="tests.LoginTest"/>
  <testcase name="emptyPasswordFieldLoginFormTest" time="0.551" classname="tests.LoginTest"/>
  <testcase name="makeLoginFormTest" time="1.31" classname="tests.LoginTest"/>
  <testcase name="makeLogoutTest" time="0.64" classname="tests.LoginTest"/>
  <testcase name="openLoginFormTest" time="0.917" classname="tests.ForgetPasswordTest"/>
  <testcase name="openForgetPasswordFormTest" time="0.484" classname="tests.ForgetPasswordTest"/>
  <testcase name="emptydataForgetPasswordFormTest" time="0.15" classname="tests.ForgetPasswordTest"/>
  <testcase name="invalidDataForgetPasswordFormTest" time="0.682" classname="tests.ForgetPasswordTest"/>
  <testcase name="forgetPasswordFormTest" time="3.401" classname="tests.ForgetPasswordTest"/>
  <testcase name="openLoginFormTest" time="0.798" classname="tests.RequestPermitTest"/>
  <testcase name="makeLoginFormTest" time="1.303" classname="tests.RequestPermitTest"/>
  <testcase name="requestPermitTest" time="0.512" classname="tests.RequestPermitTest"/>
  <testcase name="selectPermitTypeTest" time="0.573" classname="tests.RequestPermitTest"/>
  <testcase name="exportPermitRequestTest" time="1.253" classname="tests.RequestPermitTest"/>
  <testcase name="makeLogoutTest" time="0.686" classname="tests.RequestPermitTest"/>
  <testcase name="openLoginFormTest" time="0.96" classname="tests.ExpiryDatesTest"/>
  <testcase name="makeLoginFormTest" time="1.304" classname="tests.ExpiryDatesTest"/>
  <testcase name="requestPermitTest" time="0.508" classname="tests.ExpiryDatesTest"/>
  <testcase name="makeLogoutTest" time="0.641" classname="tests.ExpiryDatesTest"/>
</testsuite> <!-- Regression Test -->
