<?xml version="1.0" encoding="UTF-8" ?>
<testsuite tests="33" failures="1" name="TestSuite" time="133.787" errors="0" skipped="0">
  <properties>
[...]
</properties>
  <testcase classname="tests.ExpiryDatesTest" name="openLoginFormTest" time="11.69"/>
  <testcase classname="tests.ExpiryDatesTest" name="makeLoginFormTest" time="1.603"/>
  <testcase classname="tests.ExpiryDatesTest" name="requestPermitTest" time="0.809"/>
  <testcase classname="tests.ExpiryDatesTest" name="makeLogoutTest" time="0.852"/>
  <testcase classname="tests.ExportRequestPermitTest" name="openLoginFormTest" time="1.08"/>
  <testcase classname="tests.ExportRequestPermitTest" name="makeLoginFormTest" time="1.346"/>
  <testcase classname="tests.ExportRequestPermitTest" name="exportPermitRequestTest" time="2.782"/>
  <testcase classname="tests.ExportRequestPermitTest" name="validFillExportPermitForm" time="46.79"/>
  <testcase classname="tests.ExportRequestPermitTest" name="makeLogoutTest" time="1.057"/>
  <testcase classname="tests.ForgetPasswordTest" name="openLoginFormTest" time="1.21"/>
  <testcase classname="tests.ForgetPasswordTest" name="openForgetPasswordFormTest" time="0.686"/>
  <testcase classname="tests.ForgetPasswordTest" name="emptydataForgetPasswordFormTest" time="0.185"/>
  <testcase classname="tests.ForgetPasswordTest" name="invalidDataForgetPasswordFormTest" time="1.37"/>
  <testcase classname="tests.ForgetPasswordTest" name="forgetPasswordFormTest" time="3.806"/>
  <testcase classname="tests.LoginTest" name="openLoginFormTest" time="1.454"/>
  <testcase classname="tests.LoginTest" name="emptydataLoginFormTest" time="0.338"/>
  <testcase classname="tests.LoginTest" name="emptyEmailFieldLoginFormTest" time="0.772"/>
  <testcase classname="tests.LoginTest" name="emptyPasswordFieldLoginFormTest" time="1.316"/>
  <testcase classname="tests.LoginTest" name="makeLoginFormTest" time="2.498"/>
  <testcase classname="tests.LoginTest" name="makeLogoutTest" time="2.161"/>
  <testcase classname="tests.PermitManagementListTest" name="openLoginFormTest" time="1.516"/>
  <testcase classname="tests.PermitManagementListTest" name="makeLoginFormTest" time="1.98"/>
  <testcase classname="tests.PermitManagementListTest" name="openPermitMagementListTest" time="1.847"/>
  <testcase classname="tests.PermitManagementListTest" name="makeLogoutTest" time="1.092"/>
  <testcase classname="tests.RegistrationFormTest" name="openRegisterFormTest" time="1.476"/>
  <testcase classname="tests.RegistrationFormTest" name="submitRegisterFormTest" time="6.967"/>
  <testcase classname="tests.RegistrationFormTest" name="makeLogoutTest" time="30.057">
    <failure message="no such element: Unable to locate element: {&quot;method&quot;:&quot;link text&quot;,&quot;selector&quot;:&quot;تسجيل الخروج&quot;}
  (Session info: chrome=79.0.3945.88)
For documentation on this error, please visit: https://www.seleniumhq.org/exceptions/no_such_element.html
Build info: version: &apos;3.141.59&apos;, revision: &apos;e82be7d358&apos;, time: &apos;2018-11-14T08:17:03&apos;
System info: host: &apos;DESKTOP-IQFTFHJ&apos;, ip: &apos;192.168.8.134&apos;, os.name: &apos;Windows 10&apos;, os.arch: &apos;amd64&apos;, os.version: &apos;10.0&apos;, java.version: &apos;1.8.0_201&apos;
Driver info: org.openqa.selenium.chrome.ChromeDriver
Capabilities {acceptInsecureCerts: false, browserName: chrome, browserVersion: 79.0.3945.88, chrome: {chromedriverVersion: 78.0.3904.105 (60e2d8774a81..., userDataDir: C:\Users\ahmed\AppData\Loca...}, goog:chromeOptions: {debuggerAddress: localhost:3163}, javascriptEnabled: true, networkConnectionEnabled: false, pageLoadStrategy: normal, platform: XP, platformName: XP, proxy: Proxy(), setWindowRect: true, strictFileInteractability: false, timeouts: {implicit: 0, pageLoad: 300000, script: 30000}, unhandledPromptBehavior: dismiss and notify}
Session ID: 766b4313804e5bcae68b5104805d473e
*** Element info: {Using=link text, value=تسجيل الخروج}" type="org.openqa.selenium.NoSuchElementException">org.openqa.selenium.NoSuchElementException: no such element: Unable to locate element: {&quot;method&quot;:&quot;link text&quot;,&quot;selector&quot;:&quot;تسجيل الخروج&quot;}
  (Session info: chrome=79.0.3945.88)
For documentation on this error, please visit: https://www.seleniumhq.org/exceptions/no_such_element.html
Build info: version: &apos;3.141.59&apos;, revision: &apos;e82be7d358&apos;, time: &apos;2018-11-14T08:17:03&apos;
System info: host: &apos;DESKTOP-IQFTFHJ&apos;, ip: &apos;192.168.8.134&apos;, os.name: &apos;Windows 10&apos;, os.arch: &apos;amd64&apos;, os.version: &apos;10.0&apos;, java.version: &apos;1.8.0_201&apos;
Driver info: org.openqa.selenium.chrome.ChromeDriver
Capabilities {acceptInsecureCerts: false, browserName: chrome, browserVersion: 79.0.3945.88, chrome: {chromedriverVersion: 78.0.3904.105 (60e2d8774a81..., userDataDir: C:\Users\ahmed\AppData\Loca...}, goog:chromeOptions: {debuggerAddress: localhost:3163}, javascriptEnabled: true, networkConnectionEnabled: false, pageLoadStrategy: normal, platform: XP, platformName: XP, proxy: Proxy(), setWindowRect: true, strictFileInteractability: false, timeouts: {implicit: 0, pageLoad: 300000, script: 30000}, unhandledPromptBehavior: dismiss and notify}
Session ID: 766b4313804e5bcae68b5104805d473e
*** Element info: {Using=link text, value=تسجيل الخروج}
	at sun.reflect.NativeConstructorAccessorImpl.newInstance0(Native Method)
	at sun.reflect.NativeConstructorAccessorImpl.newInstance(NativeConstructorAccessorImpl.java:62)
	at sun.reflect.DelegatingConstructorAccessorImpl.newInstance(DelegatingConstructorAccessorImpl.java:45)
	at java.lang.reflect.Constructor.newInstance(Constructor.java:423)
	at org.openqa.selenium.remote.http.W3CHttpResponseCodec.createException(W3CHttpResponseCodec.java:187)
	at org.openqa.selenium.remote.http.W3CHttpResponseCodec.decode(W3CHttpResponseCodec.java:122)
	at org.openqa.selenium.remote.http.W3CHttpResponseCodec.decode(W3CHttpResponseCodec.java:49)
	at org.openqa.selenium.remote.HttpCommandExecutor.execute(HttpCommandExecutor.java:158)
	at org.openqa.selenium.remote.service.DriverCommandExecutor.execute(DriverCommandExecutor.java:83)
	at org.openqa.selenium.remote.RemoteWebDriver.execute(RemoteWebDriver.java:552)
	at org.openqa.selenium.remote.RemoteWebDriver.findElement(RemoteWebDriver.java:323)
	at org.openqa.selenium.remote.RemoteWebDriver.findElementByLinkText(RemoteWebDriver.java:380)
	at org.openqa.selenium.By$ByLinkText.findElement(By.java:220)
	at org.openqa.selenium.remote.RemoteWebDriver.findElement(RemoteWebDriver.java:315)
	at org.openqa.selenium.support.pagefactory.DefaultElementLocator.findElement(DefaultElementLocator.java:69)
	at org.openqa.selenium.support.pagefactory.internal.LocatingElementHandler.invoke(LocatingElementHandler.java:38)
	at com.sun.proxy.$Proxy10.click(Unknown Source)
	at pages.PageBase.clickButton(PageBase.java:48)
	at pages.HomePage.logoutFun(HomePage.java:28)
	at tests.RegistrationFormTest.makeLogoutTest(RegistrationFormTest.java:52)
</failure>
  </testcase>
  <testcase classname="tests.RequestPermitTest" name="openLoginFormTest" time="0.868"/>
  <testcase classname="tests.RequestPermitTest" name="makeLoginFormTest" time="1.08"/>
  <testcase classname="tests.RequestPermitTest" name="requestPermitTest" time="0.484"/>
  <testcase classname="tests.RequestPermitTest" name="selectPermitTypeTest" time="0.439"/>
  <testcase classname="tests.RequestPermitTest" name="exportPermitRequestTest" time="1.505"/>
  <testcase classname="tests.RequestPermitTest" name="makeLogoutTest" time="0.671"/>
</testsuite>